Copyright 1986-1999, 2001-2013 Xilinx, Inc. All Rights Reserved.
---------------------------------------------------------------------------------------------------------------------------
| Tool Version : Vivado v.2013.4 (lin64) Build 353583 Mon Dec  9 17:26:26 MST 2013
| Date         : Wed Apr  1 22:49:22 2015
| Host         : michael running 64-bit Ubuntu 14.10
| Command      : report_utilization -file design_1_wrapper_utilization_synth.rpt -pb design_1_wrapper_utilization_synth.pb
| Design       : design_1_wrapper
| Device       : xc7z020
| Design State : Synthesized
---------------------------------------------------------------------------------------------------------------------------

Utilization Design Information

Table of Contents
-----------------
1. Slice Logic
2. Memory
3. DSP
4. IO and GTX Specific
5. Clocking
6. Specific Feature
7. Primitives
8. Black Boxes
9. Instantiated Netlists

1. Slice Logic
--------------

+----------------------------+-------+-------+-----------+-------+
|          Site Type         |  Used | Loced | Available | Util% |
+----------------------------+-------+-------+-----------+-------+
| Slice LUTs*                |  9706 |     0 |     53200 | 18.24 |
|   LUT as Logic             |  9103 |     0 |     53200 | 17.11 |
|   LUT as Memory            |   603 |     0 |     17400 |  3.46 |
|     LUT as Distributed RAM |   106 |     0 |           |       |
|     LUT as Shift Register  |   497 |     0 |           |       |
| Slice Registers            | 11243 |     0 |    106400 | 10.56 |
|   Register as Flip Flop    | 11243 |     0 |    106400 | 10.56 |
|   Register as Latch        |     0 |     0 |    106400 |  0.00 |
| F7 Muxes                   |     2 |     0 |     26600 | <0.01 |
| F8 Muxes                   |     0 |     0 |     13300 |  0.00 |
+----------------------------+-------+-------+-----------+-------+
* Warning! The Final LUT count, after physical optimizations and full implementation, is typically lower. Run opt_design after synthesis for a more realistic count.


2. Memory
---------

+-------------------+------+-------+-----------+-------+
|     Site Type     | Used | Loced | Available | Util% |
+-------------------+------+-------+-----------+-------+
| Block RAM Tile    |   58 |     0 |       140 | 41.42 |
|   RAMB36/FIFO*    |    8 |     0 |       140 |  5.71 |
|     RAMB36E1 only |    8 |       |           |       |
|   RAMB18          |  100 |     0 |       280 | 35.71 |
|     RAMB18E1 only |  100 |       |           |       |
+-------------------+------+-------+-----------+-------+
* Note: Each Block RAM Tile only has one FIFO logic available and therefore can accommodate only one FIFO36E1 or one FIFO18E1. However, if a FIFO18E1 occupies a Block RAM Tile, that tile can still accommodate a RAMB18E1


3. DSP
------

+-----------+------+-------+-----------+-------+
| Site Type | Used | Loced | Available | Util% |
+-----------+------+-------+-----------+-------+
| DSPs      |    0 |     0 |       220 |  0.00 |
+-----------+------+-------+-----------+-------+


4. IO and GTX Specific
----------------------

+-----------------------------+------+-------+-----------+-------+
|          Site Type          | Used | Loced | Available | Util% |
+-----------------------------+------+-------+-----------+-------+
| Bonded IOB                  |  130 |     0 |       200 | 65.00 |
| Bonded IPADs                |    0 |     0 |         2 |  0.00 |
| Bonded IOPADs               |    0 |     0 |       130 |  0.00 |
| IBUFGDS                     |    0 |     0 |       192 |  0.00 |
| IDELAYCTRL                  |    0 |     0 |         4 |  0.00 |
| IN_FIFO                     |    0 |     0 |        16 |  0.00 |
| OUT_FIFO                    |    0 |     0 |        16 |  0.00 |
| PHASER_REF                  |    0 |     0 |         4 |  0.00 |
| PHY_CONTROL                 |    0 |     0 |         4 |  0.00 |
| PHASER_OUT/PHASER_OUT_PHY   |    0 |     0 |        16 |  0.00 |
| PHASER_IN/PHASER_IN_PHY     |    0 |     0 |        16 |  0.00 |
| IDELAYE2/IDELAYE2_FINEDELAY |    0 |     0 |       200 |  0.00 |
| ODELAYE2/ODELAYE2_FINEDELAY |    0 |     0 |         0 |  0.00 |
| IBUFDS_GTE2                 |    0 |     0 |         0 |  0.00 |
| ILOGIC                      |    0 |     0 |       200 |  0.00 |
| OLOGIC                      |    0 |     0 |       200 |  0.00 |
+-----------------------------+------+-------+-----------+-------+


5. Clocking
-----------

+------------+------+-------+-----------+-------+
|  Site Type | Used | Loced | Available | Util% |
+------------+------+-------+-----------+-------+
| BUFGCTRL   |    1 |     0 |        32 |  3.12 |
| BUFIO      |    0 |     0 |        16 |  0.00 |
| MMCME2_ADV |    0 |     0 |         4 |  0.00 |
| PLLE2_ADV  |    0 |     0 |         4 |  0.00 |
| BUFMRCE    |    0 |     0 |         8 |  0.00 |
| BUFHCE     |    0 |     0 |        72 |  0.00 |
| BUFR       |    0 |     0 |        16 |  0.00 |
+------------+------+-------+-----------+-------+


6. Specific Feature
-------------------

+-------------+------+-------+-----------+-------+
|  Site Type  | Used | Loced | Available | Util% |
+-------------+------+-------+-----------+-------+
| BSCANE2     |    0 |     0 |         4 |  0.00 |
| CAPTUREE2   |    0 |     0 |         1 |  0.00 |
| DNA_PORT    |    0 |     0 |         1 |  0.00 |
| EFUSE_USR   |    0 |     0 |         1 |  0.00 |
| FRAME_ECCE2 |    0 |     0 |         1 |  0.00 |
| ICAPE2      |    0 |     0 |         2 |  0.00 |
| STARTUPE2   |    0 |     0 |         1 |  0.00 |
| XADC        |    0 |     0 |         1 |  0.00 |
+-------------+------+-------+-----------+-------+


7. Primitives
-------------

+----------+-------+
| Ref Name |  Used |
+----------+-------+
| FDRE     | 10791 |
| LUT6     |  3079 |
| LUT3     |  2712 |
| LUT4     |  1653 |
| LUT5     |  1553 |
| LUT2     |  1503 |
| LUT1     |   369 |
| SRLC32E  |   265 |
| SRL16E   |   232 |
| FDCE     |   198 |
| CARRY4   |   189 |
| RAMD32   |   158 |
| FDSE     |   155 |
| BIBUF    |   130 |
| RAMB18E1 |   100 |
| FDPE     |    99 |
| RAMS32   |    52 |
| RAMB36E1 |     8 |
| MUXF7    |     2 |
| PS7      |     1 |
| BUFG     |     1 |
+----------+-------+


8. Black Boxes
--------------

+----------+------+
| Ref Name | Used |
+----------+------+


9. Instantiated Netlists
------------------------

+----------+------+
| Ref Name | Used |
+----------+------+


