Copyright 1986-1999, 2001-2013 Xilinx, Inc. All Rights Reserved.
--------------------------------------------------------------------------------------------------------------------------------------
| Tool Version : Vivado v.2013.4 (lin64) Build 353583 Mon Dec  9 17:26:26 MST 2013
| Date         : Wed Apr  1 22:52:13 2015
| Host         : michael running 64-bit Ubuntu 14.10
| Command      : report_timing_summary -file design_1_wrapper_timing_summary_routed.rpt -pb design_1_wrapper_timing_summary_routed.pb
| Design       : design_1_wrapper
| Device       : 7z020-clg484
| Speed File   : -1  PRODUCTION 1.09 2013-11-22
--------------------------------------------------------------------------------------------------------------------------------------

Timing Summary Report

------------------------------------------------------------------------------------------------
| Timer Settings
| --------------
------------------------------------------------------------------------------------------------

  Enable Multi Corner Analysis               :  Yes
  Enable Pessimism Removal                   :  Yes
  Pessimism Removal Resolution               :  Nearest Common Node
  Enable Input Delay Default Clock           :  No
  Enable Preset / Clear Arcs                 :  No
  Disable Flight Delays                      :  No

  Corner  Analyze    Analyze    
  Name    Max Paths  Min Paths  
  ------  ---------  ---------  
  Slow    Yes        Yes        
  Fast    Yes        Yes        


------------------------------------------------------------------------------------------------
| Check Timing
| ------------
------------------------------------------------------------------------------------------------


Checking 'no_clock'.
 There are 0 register/latch pins with no clock.
 There are 0 register/latch pins with constant_clock.

Checking 'unconstrained_internal_endpoints'.
 There are 0 pins that are not constrained for maximum delay.
 There are 0 pins that are not constrained for maximum delay due to constant clock.

Checking 'no_input_delay'.
 There are 0 input ports with no input delay specified.

Checking 'no_output_delay'.
 There are 0 ports with no output delay specified.

Checking 'multiple_clock'.
 There are 0 register/latch pins with related clocks.
 There are 0 register/latch pins with exclusive clocks.

Checking 'generated_clocks'.
 There are 0 generated clocks that are not connected to a clock source.

Checking 'loops'.
 There are 0 combinational loops in the design.

Checking 'partial_input_delay'.
 There are 0 input ports with partial input delay specified.

Checking 'partial_output_delay'.
 There are 0 ports with partial output delay specified.

Checking 'unexpandable_clocks'.
 There are 0 related clock pairs.
 There are 0 User Ignored clock pairs.

Checking 'latch_loops'.
 There are 0 combinational latch loops in the design through latch input

------------------------------------------------------------------------------------------------
| Design Timing Summary
| ---------------------
------------------------------------------------------------------------------------------------

    WNS(ns)      TNS(ns)  TNS Failing Endpoints  TNS Total Endpoints      WHS(ns)      THS(ns)  THS Failing Endpoints  THS Total Endpoints     WPWS(ns)     TPWS(ns)  TPWS Failing Endpoints  TPWS Total Endpoints  
    -------      -------  ---------------------  -------------------      -------      -------  ---------------------  -------------------     --------     --------  ----------------------  --------------------  
      0.739        0.000                      0                27186        0.022        0.000                      0                27186        3.750        0.000                       0                 11374  


All user specified timing constraints are met.


------------------------------------------------------------------------------------------------
| Clock Summary
| -------------
------------------------------------------------------------------------------------------------

Clock       Waveform(ns)       Period(ns)      Frequency(MHz)
-----       ------------       ----------      --------------
clk_fpga_0  {0.000 5.000}      10.000          100.000         


------------------------------------------------------------------------------------------------
| Intra Clock Table
| -----------------
------------------------------------------------------------------------------------------------

Clock             WNS(ns)      TNS(ns)  TNS Failing Endpoints  TNS Total Endpoints      WHS(ns)      THS(ns)  THS Failing Endpoints  THS Total Endpoints     WPWS(ns)     TPWS(ns)  TPWS Failing Endpoints  TPWS Total Endpoints  
-----             -------      -------  ---------------------  -------------------      -------      -------  ---------------------  -------------------     --------     --------  ----------------------  --------------------  
clk_fpga_0          0.739        0.000                      0                26889        0.022        0.000                      0                26889        3.750        0.000                       0                 11374  


------------------------------------------------------------------------------------------------
| Inter Clock Table
| -----------------
------------------------------------------------------------------------------------------------

From Clock    To Clock          WNS(ns)      TNS(ns)  TNS Failing Endpoints  TNS Total Endpoints      WHS(ns)      THS(ns)  THS Failing Endpoints  THS Total Endpoints  
----------    --------          -------      -------  ---------------------  -------------------      -------      -------  ---------------------  -------------------  


------------------------------------------------------------------------------------------------
| Other Path Groups Table
| -----------------------
------------------------------------------------------------------------------------------------

Path Group         From Clock         To Clock               WNS(ns)      TNS(ns)  TNS Failing Endpoints  TNS Total Endpoints      WHS(ns)      THS(ns)  THS Failing Endpoints  THS Total Endpoints  
----------         ----------         --------               -------      -------  ---------------------  -------------------      -------      -------  ---------------------  -------------------  
**async_default**  clk_fpga_0         clk_fpga_0               1.516        0.000                      0                  297        0.238        0.000                      0                  297  


------------------------------------------------------------------------------------------------
| Timing Details
| --------------
------------------------------------------------------------------------------------------------


---------------------------------------------------------------------------------------------------
From Clock:  clk_fpga_0
  To Clock:  clk_fpga_0

Setup :            0  Failing Endpoints,  Worst Slack        0.739ns,  Total Violation        0.000ns
Hold  :            0  Failing Endpoints,  Worst Slack        0.022ns,  Total Violation        0.000ns
PW    :            0  Failing Endpoints,  Worst Slack        3.750ns,  Total Violation        0.000ns
---------------------------------------------------------------------------------------------------


Max Delay Paths
--------------------------------------------------------------------------------------
Slack (MET) :             0.739ns  (required time - arrival time)
  Source:                 design_1_i/axi_mem_intercon/m01_couplers/auto_ds/inst/gen_downsizer.gen_simple_downsizer.axi_downsizer_inst/USE_READ.read_addr_inst/pushed_commands_reg[1]/C
                            (rising edge-triggered cell FDRE clocked by clk_fpga_0  {rise@0.000ns fall@5.000ns period=10.000ns})
  Destination:            design_1_i/axi_bram_ctrl_0/U0/gext_inst.abcv3_0_ext_inst/GEN_AXI4.I_FULL_AXI/I_RD_CHNL/last_bram_addr_reg/D
                            (rising edge-triggered cell FDRE clocked by clk_fpga_0  {rise@0.000ns fall@5.000ns period=10.000ns})
  Path Group:             clk_fpga_0
  Path Type:              Setup (Max at Slow Process Corner)
  Requirement:            10.000ns  (clk_fpga_0 rise@10.000ns - clk_fpga_0 rise@0.000ns)
  Data Path Delay:        9.045ns  (logic 3.242ns (35.842%)  route 5.803ns (64.158%))
  Logic Levels:           11  (CARRY4=2 LUT4=2 LUT5=1 LUT6=6)
  Clock Path Skew:        -0.141ns (DCD - SCD + CPR)
    Destination Clock Delay (DCD):    3.959ns = ( 13.959 - 10.000 ) 
    Source Clock Delay      (SCD):    4.628ns
    Clock Pessimism Removal (CPR):    0.529ns
  Clock Uncertainty:      0.154ns  ((TSJ^2 + TIJ^2)^1/2 + DJ) / 2 + PE
    Total System Jitter     (TSJ):    0.071ns
    Total Input Jitter      (TIJ):    0.300ns
    Discrete Jitter          (DJ):    0.000ns
    Phase Error              (PE):    0.000ns

    Location             Delay type                Incr(ns)  Path(ns)    Netlist Resource(s)
  -------------------------------------------------------------------    -------------------
                         (clock clk_fpga_0 rise edge)
                                                      0.000     0.000 r  
    PS7_X0Y0             PS7                          0.000     0.000 r  design_1_i/processing_system7_0/inst/PS7_i/FCLKCLK[0]
                         net (fo=1, routed)           2.780     2.780    design_1_i/processing_system7_0/inst/FCLK_CLK_unbuffered[0]
    BUFGCTRL_X0Y16       BUFG (Prop_bufg_I_O)         0.101     2.881 r  design_1_i/processing_system7_0/inst/buffer_fclk_clk_0.FCLK_CLK_0_BUFG/O
                         net (fo=11375, routed)       1.747     4.628    design_1_i/axi_mem_intercon/m01_couplers/auto_ds/inst/s_axi_aclk
    SLICE_X26Y39                                                      r  design_1_i/axi_mem_intercon/m01_couplers/auto_ds/inst/gen_downsizer.gen_simple_downsizer.axi_downsizer_inst/USE_READ.read_addr_inst/pushed_commands_reg[1]/C
  -------------------------------------------------------------------    -------------------
    SLICE_X26Y39         FDRE (Prop_fdre_C_Q)         0.478     5.106 r  design_1_i/axi_mem_intercon/m01_couplers/auto_ds/inst/gen_downsizer.gen_simple_downsizer.axi_downsizer_inst/USE_READ.read_addr_inst/pushed_commands_reg[1]/Q
                         net (fo=8, routed)           0.831     5.937    design_1_i/axi_mem_intercon/m01_couplers/auto_ds/inst/gen_downsizer.gen_simple_downsizer.axi_downsizer_inst/USE_READ.read_addr_inst/pushed_commands_reg[1]
    SLICE_X26Y39         LUT4 (Prop_lut4_I3_O)        0.321     6.258 r  design_1_i/axi_mem_intercon/m01_couplers/auto_ds/inst/m_axi_arlen[7]_INST_0_i_29/O
                         net (fo=3, routed)           0.611     6.870    design_1_i/axi_mem_intercon/m01_couplers/auto_ds/inst/n_2_m_axi_arlen[7]_INST_0_i_29
    SLICE_X26Y36         LUT6 (Prop_lut6_I2_O)        0.348     7.218 r  design_1_i/axi_mem_intercon/m01_couplers/auto_ds/inst/m_axi_arlen[3]_INST_0_i_23/O
                         net (fo=8, routed)           0.501     7.718    design_1_i/axi_mem_intercon/m01_couplers/auto_ds/inst/n_2_m_axi_arlen[3]_INST_0_i_23
    SLICE_X26Y35         LUT6 (Prop_lut6_I3_O)        0.124     7.842 r  design_1_i/axi_mem_intercon/m01_couplers/auto_ds/inst/m_axi_arlen[3]_INST_0_i_18/O
                         net (fo=1, routed)           0.635     8.477    design_1_i/axi_mem_intercon/m01_couplers/auto_ds/inst/n_2_m_axi_arlen[3]_INST_0_i_18
    SLICE_X27Y35         LUT6 (Prop_lut6_I5_O)        0.124     8.601 r  design_1_i/axi_mem_intercon/m01_couplers/auto_ds/inst/m_axi_arlen[3]_INST_0_i_3/O
                         net (fo=2, routed)           0.591     9.192    design_1_i/axi_mem_intercon/m01_couplers/auto_ds/inst/gen_downsizer.gen_simple_downsizer.axi_downsizer_inst/USE_READ.read_addr_inst/base_len[1]
    SLICE_X30Y37         LUT6 (Prop_lut6_I0_O)        0.124     9.316 r  design_1_i/axi_mem_intercon/m01_couplers/auto_ds/inst/m_axi_arlen[3]_INST_0_i_7/O
                         net (fo=1, routed)           0.000     9.316    design_1_i/axi_mem_intercon/m01_couplers/auto_ds/inst/n_2_m_axi_arlen[3]_INST_0_i_7
    SLICE_X30Y37         CARRY4 (Prop_carry4_S[1]_CO[3])
                                                      0.533     9.849 r  design_1_i/axi_mem_intercon/m01_couplers/auto_ds/inst/m_axi_arlen[3]_INST_0/CO[3]
                         net (fo=1, routed)           0.000     9.849    design_1_i/axi_mem_intercon/m01_couplers/auto_ds/inst/n_2_m_axi_arlen[3]_INST_0
    SLICE_X30Y38         CARRY4 (Prop_carry4_CI_O[3])
                                                      0.315    10.164 f  design_1_i/axi_mem_intercon/m01_couplers/auto_ds/inst/m_axi_arlen[7]_INST_0/O[3]
                         net (fo=3, routed)           0.909    11.073    design_1_i/axi_bram_ctrl_0/s_axi_arlen[7]
    SLICE_X36Y38         LUT4 (Prop_lut4_I3_O)        0.307    11.380 f  design_1_i/axi_bram_ctrl_0/brst_zero_i_7/O
                         net (fo=4, routed)           0.619    11.999    design_1_i/axi_bram_ctrl_0/n_2_brst_zero_i_7
    SLICE_X44Y37         LUT5 (Prop_lut5_I0_O)        0.118    12.117 f  design_1_i/axi_bram_ctrl_0/brst_zero_i_3/O
                         net (fo=4, routed)           0.486    12.603    design_1_i/axi_bram_ctrl_0/n_2_brst_zero_i_3
    SLICE_X45Y37         LUT6 (Prop_lut6_I4_O)        0.326    12.929 f  design_1_i/axi_bram_ctrl_0/last_bram_addr_i_3/O
                         net (fo=1, routed)           0.621    13.549    design_1_i/axi_bram_ctrl_0/n_2_last_bram_addr_i_3
    SLICE_X46Y38         LUT6 (Prop_lut6_I3_O)        0.124    13.673 r  design_1_i/axi_bram_ctrl_0/last_bram_addr_i_1/O
                         net (fo=1, routed)           0.000    13.673    design_1_i/axi_bram_ctrl_0/U0/gext_inst.abcv3_0_ext_inst/GEN_AXI4.I_FULL_AXI/I_RD_CHNL/last_bram_addr0
    SLICE_X46Y38         FDRE                                         r  design_1_i/axi_bram_ctrl_0/U0/gext_inst.abcv3_0_ext_inst/GEN_AXI4.I_FULL_AXI/I_RD_CHNL/last_bram_addr_reg/D
  -------------------------------------------------------------------    -------------------

                         (clock clk_fpga_0 rise edge)
                                                     10.000    10.000 r  
    PS7_X0Y0             PS7                          0.000    10.000 r  design_1_i/processing_system7_0/inst/PS7_i/FCLKCLK[0]
                         net (fo=1, routed)           2.376    12.376    design_1_i/processing_system7_0/inst/FCLK_CLK_unbuffered[0]
    BUFGCTRL_X0Y16       BUFG (Prop_bufg_I_O)         0.091    12.467 r  design_1_i/processing_system7_0/inst/buffer_fclk_clk_0.FCLK_CLK_0_BUFG/O
                         net (fo=11375, routed)       1.491    13.959    design_1_i/axi_bram_ctrl_0/s_axi_aclk
    SLICE_X46Y38                                                      r  design_1_i/axi_bram_ctrl_0/U0/gext_inst.abcv3_0_ext_inst/GEN_AXI4.I_FULL_AXI/I_RD_CHNL/last_bram_addr_reg/C
                         clock pessimism              0.529    14.487    
                         clock uncertainty           -0.154    14.333    
    SLICE_X46Y38         FDRE (Setup_fdre_C_D)        0.079    14.412    design_1_i/axi_bram_ctrl_0/U0/gext_inst.abcv3_0_ext_inst/GEN_AXI4.I_FULL_AXI/I_RD_CHNL/last_bram_addr_reg
  -------------------------------------------------------------------
                         required time                         14.412    
                         arrival time                         -13.673    
  -------------------------------------------------------------------
                         slack                                  0.739    





Min Delay Paths
--------------------------------------------------------------------------------------
Slack (MET) :             0.022ns  (arrival time - required time)
  Source:                 design_1_i/axi_cdma_0/U0/GEN_SIMPLE_MODE.I_SIMPLE_MODE_WRAP/GEN_DM_FULL.I_DATAMOVER_FULL/GEN_S2MM_FULL.I_S2MM_FULL_WRAPPER/I_ADDR_CNTL/sig_next_addr_reg_reg[8]/C
                            (rising edge-triggered cell FDRE clocked by clk_fpga_0  {rise@0.000ns fall@5.000ns period=10.000ns})
  Destination:            design_1_i/axi_mem_intercon/s00_couplers/auto_us/inst/gen_upsizer.gen_full_upsizer.axi_upsizer_inst/si_register_slice_inst/aw_pipe/m_payload_i_reg[8]/D
                            (rising edge-triggered cell FDRE clocked by clk_fpga_0  {rise@0.000ns fall@5.000ns period=10.000ns})
  Path Group:             clk_fpga_0
  Path Type:              Hold (Min at Fast Process Corner)
  Requirement:            0.000ns  (clk_fpga_0 rise@0.000ns - clk_fpga_0 rise@0.000ns)
  Data Path Delay:        0.307ns  (logic 0.148ns (48.208%)  route 0.159ns (51.792%))
  Logic Levels:           0  
  Clock Path Skew:        0.266ns (DCD - SCD - CPR)
    Destination Clock Delay (DCD):    2.192ns
    Source Clock Delay      (SCD):    1.743ns
    Clock Pessimism Removal (CPR):    0.183ns

    Location             Delay type                Incr(ns)  Path(ns)    Netlist Resource(s)
  -------------------------------------------------------------------    -------------------
                         (clock clk_fpga_0 rise edge)
                                                      0.000     0.000 r  
    PS7_X0Y0             PS7                          0.000     0.000 r  design_1_i/processing_system7_0/inst/PS7_i/FCLKCLK[0]
                         net (fo=1, routed)           1.169     1.169    design_1_i/processing_system7_0/inst/FCLK_CLK_unbuffered[0]
    BUFGCTRL_X0Y16       BUFG (Prop_bufg_I_O)         0.026     1.195 r  design_1_i/processing_system7_0/inst/buffer_fclk_clk_0.FCLK_CLK_0_BUFG/O
                         net (fo=11375, routed)       0.548     1.743    design_1_i/axi_cdma_0/U0/m_axi_aclk
    SLICE_X50Y63                                                      r  design_1_i/axi_cdma_0/U0/GEN_SIMPLE_MODE.I_SIMPLE_MODE_WRAP/GEN_DM_FULL.I_DATAMOVER_FULL/GEN_S2MM_FULL.I_S2MM_FULL_WRAPPER/I_ADDR_CNTL/sig_next_addr_reg_reg[8]/C
  -------------------------------------------------------------------    -------------------
    SLICE_X50Y63         FDRE (Prop_fdre_C_Q)         0.148     1.891 r  design_1_i/axi_cdma_0/U0/GEN_SIMPLE_MODE.I_SIMPLE_MODE_WRAP/GEN_DM_FULL.I_DATAMOVER_FULL/GEN_S2MM_FULL.I_S2MM_FULL_WRAPPER/I_ADDR_CNTL/sig_next_addr_reg_reg[8]/Q
                         net (fo=1, routed)           0.159     2.050    design_1_i/axi_mem_intercon/s00_couplers/auto_us/inst/s_axi_awaddr[8]
    SLICE_X49Y63         FDRE                                         r  design_1_i/axi_mem_intercon/s00_couplers/auto_us/inst/gen_upsizer.gen_full_upsizer.axi_upsizer_inst/si_register_slice_inst/aw_pipe/m_payload_i_reg[8]/D
  -------------------------------------------------------------------    -------------------

                         (clock clk_fpga_0 rise edge)
                                                      0.000     0.000 r  
    PS7_X0Y0             PS7                          0.000     0.000 r  design_1_i/processing_system7_0/inst/PS7_i/FCLKCLK[0]
                         net (fo=1, routed)           1.344     1.344    design_1_i/processing_system7_0/inst/FCLK_CLK_unbuffered[0]
    BUFGCTRL_X0Y16       BUFG (Prop_bufg_I_O)         0.029     1.373 r  design_1_i/processing_system7_0/inst/buffer_fclk_clk_0.FCLK_CLK_0_BUFG/O
                         net (fo=11375, routed)       0.819     2.192    design_1_i/axi_mem_intercon/s00_couplers/auto_us/inst/s_axi_aclk
    SLICE_X49Y63                                                      r  design_1_i/axi_mem_intercon/s00_couplers/auto_us/inst/gen_upsizer.gen_full_upsizer.axi_upsizer_inst/si_register_slice_inst/aw_pipe/m_payload_i_reg[8]/C
                         clock pessimism             -0.183     2.009    
    SLICE_X49Y63         FDRE (Hold_fdre_C_D)         0.019     2.028    design_1_i/axi_mem_intercon/s00_couplers/auto_us/inst/gen_upsizer.gen_full_upsizer.axi_upsizer_inst/si_register_slice_inst/aw_pipe/m_payload_i_reg[8]
  -------------------------------------------------------------------
                         required time                         -2.028    
                         arrival time                           2.050    
  -------------------------------------------------------------------
                         slack                                  0.022    





Pulse Width Checks
--------------------------------------------------------------------------------------
Clock Name:         clk_fpga_0
Waveform:           { 0 5 }
Period:             10.000
Sources:            { design_1_i/processing_system7_0/inst/PS7_i/FCLKCLK[0] }

Check Type        Corner  Lib Pin             Reference Pin  Required  Actual  Slack  Location      Pin
Min Period        n/a     RAMB18E1/CLKARDCLK  n/a            2.576     10.000  7.424  RAMB18_X3Y0   design_1_i/aes_0/inst/aes_U/grp_aestest_fu_256/ap_reg_ppstg_tmp_72_3_reg_13271_pp0_it8_reg_rep/CLKARDCLK
Low Pulse Width   Fast    RAMD32/CLK          n/a            1.250     5.000   3.750  SLICE_X50Y67  design_1_i/axi_mem_intercon/m00_couplers/auto_pc/inst/gen_axi4_axi3.axi3_conv_inst/USE_WRITE.write_addr_inst/USE_B_CHANNEL.cmd_b_queue/inst/fifo_gen_inst/inst_fifo_gen/gconvfifo.rf/grf.rf/gntv_or_sync_fifo.mem/gdm.dm/RAM_reg_0_31_0_4/RAMA/CLK
High Pulse Width  Slow    RAMD32/CLK          n/a            1.250     5.000   3.750  SLICE_X42Y81  design_1_i/axi_mem_intercon/m00_couplers/auto_pc/inst/gen_axi4_axi3.axi3_conv_inst/USE_WRITE.write_addr_inst/USE_BURSTS.cmd_queue/inst/fifo_gen_inst/inst_fifo_gen/gconvfifo.rf/grf.rf/gntv_or_sync_fifo.mem/gdm.dm/RAM_reg_0_31_0_4/RAMA/CLK



---------------------------------------------------------------------------------------------------
Path Group:  **async_default**
From Clock:  clk_fpga_0
  To Clock:  clk_fpga_0

Setup :            0  Failing Endpoints,  Worst Slack        1.516ns,  Total Violation        0.000ns
Hold  :            0  Failing Endpoints,  Worst Slack        0.238ns,  Total Violation        0.000ns
---------------------------------------------------------------------------------------------------


Max Delay Paths
--------------------------------------------------------------------------------------
Slack (MET) :             1.516ns  (required time - arrival time)
  Source:                 design_1_i/rst_processing_system7_0_100M/U0/ACTIVE_LOW_BSR_OUT_DFF[0].interconnect_aresetn_reg[0]/C
                            (rising edge-triggered cell FDRE clocked by clk_fpga_0  {rise@0.000ns fall@5.000ns period=10.000ns})
  Destination:            design_1_i/axi_mem_intercon/m02_couplers/auto_ds/inst/gen_downsizer.gen_simple_downsizer.axi_downsizer_inst/USE_WRITE.write_addr_inst/USE_B_CHANNEL.cmd_b_queue/inst/fifo_gen_inst/inst_fifo_gen/gconvfifo.rf/grf.rf/rstblk/ngwrdrst.grst.g7serrst.wr_rst_asreg_reg/PRE
                            (recovery check against rising-edge clock clk_fpga_0  {rise@0.000ns fall@5.000ns period=10.000ns})
  Path Group:             **async_default**
  Path Type:              Recovery (Max at Slow Process Corner)
  Requirement:            10.000ns  (clk_fpga_0 rise@10.000ns - clk_fpga_0 rise@0.000ns)
  Data Path Delay:        7.930ns  (logic 0.642ns (8.096%)  route 7.288ns (91.904%))
  Logic Levels:           1  (LUT1=1)
  Clock Path Skew:        -0.081ns (DCD - SCD + CPR)
    Destination Clock Delay (DCD):    4.121ns = ( 14.121 - 10.000 ) 
    Source Clock Delay      (SCD):    4.616ns
    Clock Pessimism Removal (CPR):    0.414ns
  Clock Uncertainty:      0.154ns  ((TSJ^2 + TIJ^2)^1/2 + DJ) / 2 + PE
    Total System Jitter     (TSJ):    0.071ns
    Total Input Jitter      (TIJ):    0.300ns
    Discrete Jitter          (DJ):    0.000ns
    Phase Error              (PE):    0.000ns

    Location             Delay type                Incr(ns)  Path(ns)    Netlist Resource(s)
  -------------------------------------------------------------------    -------------------
                         (clock clk_fpga_0 rise edge)
                                                      0.000     0.000 r  
    PS7_X0Y0             PS7                          0.000     0.000 r  design_1_i/processing_system7_0/inst/PS7_i/FCLKCLK[0]
                         net (fo=1, routed)           2.780     2.780    design_1_i/processing_system7_0/inst/FCLK_CLK_unbuffered[0]
    BUFGCTRL_X0Y16       BUFG (Prop_bufg_I_O)         0.101     2.881 r  design_1_i/processing_system7_0/inst/buffer_fclk_clk_0.FCLK_CLK_0_BUFG/O
                         net (fo=11375, routed)       1.735     4.616    design_1_i/rst_processing_system7_0_100M/U0/slowest_sync_clk
    SLICE_X26Y28                                                      r  design_1_i/rst_processing_system7_0_100M/U0/ACTIVE_LOW_BSR_OUT_DFF[0].interconnect_aresetn_reg[0]/C
  -------------------------------------------------------------------    -------------------
    SLICE_X26Y28         FDRE (Prop_fdre_C_Q)         0.518     5.134 r  design_1_i/rst_processing_system7_0_100M/U0/ACTIVE_LOW_BSR_OUT_DFF[0].interconnect_aresetn_reg[0]/Q
                         net (fo=38, routed)          1.047     6.181    design_1_i/axi_mem_intercon/m02_couplers/auto_ds/inst/s_axi_aresetn
    SLICE_X12Y31         LUT1 (Prop_lut1_I0_O)        0.124     6.305 f  design_1_i/axi_mem_intercon/m02_couplers/auto_ds/inst/incr_need_to_split_q_i_1/O
                         net (fo=221, routed)         6.241    12.546    design_1_i/axi_mem_intercon/m02_couplers/auto_ds/inst/n_2_incr_need_to_split_q_i_1
    SLICE_X38Y148        FDPE                                         f  design_1_i/axi_mem_intercon/m02_couplers/auto_ds/inst/gen_downsizer.gen_simple_downsizer.axi_downsizer_inst/USE_WRITE.write_addr_inst/USE_B_CHANNEL.cmd_b_queue/inst/fifo_gen_inst/inst_fifo_gen/gconvfifo.rf/grf.rf/rstblk/ngwrdrst.grst.g7serrst.wr_rst_asreg_reg/PRE
  -------------------------------------------------------------------    -------------------

                         (clock clk_fpga_0 rise edge)
                                                     10.000    10.000 r  
    PS7_X0Y0             PS7                          0.000    10.000 r  design_1_i/processing_system7_0/inst/PS7_i/FCLKCLK[0]
                         net (fo=1, routed)           2.376    12.376    design_1_i/processing_system7_0/inst/FCLK_CLK_unbuffered[0]
    BUFGCTRL_X0Y16       BUFG (Prop_bufg_I_O)         0.091    12.467 r  design_1_i/processing_system7_0/inst/buffer_fclk_clk_0.FCLK_CLK_0_BUFG/O
                         net (fo=11375, routed)       1.654    14.121    design_1_i/axi_mem_intercon/m02_couplers/auto_ds/inst/s_axi_aclk
    SLICE_X38Y148                                                     r  design_1_i/axi_mem_intercon/m02_couplers/auto_ds/inst/gen_downsizer.gen_simple_downsizer.axi_downsizer_inst/USE_WRITE.write_addr_inst/USE_B_CHANNEL.cmd_b_queue/inst/fifo_gen_inst/inst_fifo_gen/gconvfifo.rf/grf.rf/rstblk/ngwrdrst.grst.g7serrst.wr_rst_asreg_reg/C
                         clock pessimism              0.414    14.535    
                         clock uncertainty           -0.154    14.381    
    SLICE_X38Y148        FDPE (Recov_fdpe_C_PRE)     -0.319    14.062    design_1_i/axi_mem_intercon/m02_couplers/auto_ds/inst/gen_downsizer.gen_simple_downsizer.axi_downsizer_inst/USE_WRITE.write_addr_inst/USE_B_CHANNEL.cmd_b_queue/inst/fifo_gen_inst/inst_fifo_gen/gconvfifo.rf/grf.rf/rstblk/ngwrdrst.grst.g7serrst.wr_rst_asreg_reg
  -------------------------------------------------------------------
                         required time                         14.062    
                         arrival time                         -12.546    
  -------------------------------------------------------------------
                         slack                                  1.516    





Min Delay Paths
--------------------------------------------------------------------------------------
Slack (MET) :             0.238ns  (arrival time - required time)
  Source:                 design_1_i/axi_mem_intercon/m01_couplers/auto_ds/inst/gen_downsizer.gen_simple_downsizer.axi_downsizer_inst/USE_WRITE.write_addr_inst/cmd_queue/inst/fifo_gen_inst/inst_fifo_gen/gconvfifo.rf/grf.rf/rstblk/ngwrdrst.grst.g7serrst.rd_rst_reg_reg[2]/C
                            (rising edge-triggered cell FDPE clocked by clk_fpga_0  {rise@0.000ns fall@5.000ns period=10.000ns})
  Destination:            design_1_i/axi_mem_intercon/m01_couplers/auto_ds/inst/gen_downsizer.gen_simple_downsizer.axi_downsizer_inst/USE_WRITE.write_addr_inst/cmd_queue/inst/fifo_gen_inst/inst_fifo_gen/gconvfifo.rf/grf.rf/gntv_or_sync_fifo.gl0.rd/gr1.rfwft/gpregsm1.curr_fwft_state_reg[1]/CLR
                            (removal check against rising-edge clock clk_fpga_0  {rise@0.000ns fall@5.000ns period=10.000ns})
  Path Group:             **async_default**
  Path Type:              Removal (Min at Fast Process Corner)
  Requirement:            0.000ns  (clk_fpga_0 rise@0.000ns - clk_fpga_0 rise@0.000ns)
  Data Path Delay:        0.413ns  (logic 0.164ns (39.738%)  route 0.249ns (60.262%))
  Logic Levels:           0  
  Clock Path Skew:        0.266ns (DCD - SCD - CPR)
    Destination Clock Delay (DCD):    2.186ns
    Source Clock Delay      (SCD):    1.737ns
    Clock Pessimism Removal (CPR):    0.183ns

    Location             Delay type                Incr(ns)  Path(ns)    Netlist Resource(s)
  -------------------------------------------------------------------    -------------------
                         (clock clk_fpga_0 rise edge)
                                                      0.000     0.000 r  
    PS7_X0Y0             PS7                          0.000     0.000 r  design_1_i/processing_system7_0/inst/PS7_i/FCLKCLK[0]
                         net (fo=1, routed)           1.169     1.169    design_1_i/processing_system7_0/inst/FCLK_CLK_unbuffered[0]
    BUFGCTRL_X0Y16       BUFG (Prop_bufg_I_O)         0.026     1.195 r  design_1_i/processing_system7_0/inst/buffer_fclk_clk_0.FCLK_CLK_0_BUFG/O
                         net (fo=11375, routed)       0.542     1.737    design_1_i/axi_mem_intercon/m01_couplers/auto_ds/inst/s_axi_aclk
    SLICE_X50Y71                                                      r  design_1_i/axi_mem_intercon/m01_couplers/auto_ds/inst/gen_downsizer.gen_simple_downsizer.axi_downsizer_inst/USE_WRITE.write_addr_inst/cmd_queue/inst/fifo_gen_inst/inst_fifo_gen/gconvfifo.rf/grf.rf/rstblk/ngwrdrst.grst.g7serrst.rd_rst_reg_reg[2]/C
  -------------------------------------------------------------------    -------------------
    SLICE_X50Y71         FDPE (Prop_fdpe_C_Q)         0.164     1.901 f  design_1_i/axi_mem_intercon/m01_couplers/auto_ds/inst/gen_downsizer.gen_simple_downsizer.axi_downsizer_inst/USE_WRITE.write_addr_inst/cmd_queue/inst/fifo_gen_inst/inst_fifo_gen/gconvfifo.rf/grf.rf/rstblk/ngwrdrst.grst.g7serrst.rd_rst_reg_reg[2]/Q
                         net (fo=15, routed)          0.249     2.150    design_1_i/axi_mem_intercon/m01_couplers/auto_ds/inst/gen_downsizer.gen_simple_downsizer.axi_downsizer_inst/USE_WRITE.write_addr_inst/RD_RST
    SLICE_X48Y70         FDCE                                         f  design_1_i/axi_mem_intercon/m01_couplers/auto_ds/inst/gen_downsizer.gen_simple_downsizer.axi_downsizer_inst/USE_WRITE.write_addr_inst/cmd_queue/inst/fifo_gen_inst/inst_fifo_gen/gconvfifo.rf/grf.rf/gntv_or_sync_fifo.gl0.rd/gr1.rfwft/gpregsm1.curr_fwft_state_reg[1]/CLR
  -------------------------------------------------------------------    -------------------

                         (clock clk_fpga_0 rise edge)
                                                      0.000     0.000 r  
    PS7_X0Y0             PS7                          0.000     0.000 r  design_1_i/processing_system7_0/inst/PS7_i/FCLKCLK[0]
                         net (fo=1, routed)           1.344     1.344    design_1_i/processing_system7_0/inst/FCLK_CLK_unbuffered[0]
    BUFGCTRL_X0Y16       BUFG (Prop_bufg_I_O)         0.029     1.373 r  design_1_i/processing_system7_0/inst/buffer_fclk_clk_0.FCLK_CLK_0_BUFG/O
                         net (fo=11375, routed)       0.813     2.186    design_1_i/axi_mem_intercon/m01_couplers/auto_ds/inst/s_axi_aclk
    SLICE_X48Y70                                                      r  design_1_i/axi_mem_intercon/m01_couplers/auto_ds/inst/gen_downsizer.gen_simple_downsizer.axi_downsizer_inst/USE_WRITE.write_addr_inst/cmd_queue/inst/fifo_gen_inst/inst_fifo_gen/gconvfifo.rf/grf.rf/gntv_or_sync_fifo.gl0.rd/gr1.rfwft/gpregsm1.curr_fwft_state_reg[1]/C
                         clock pessimism             -0.183     2.003    
    SLICE_X48Y70         FDCE (Remov_fdce_C_CLR)     -0.092     1.911    design_1_i/axi_mem_intercon/m01_couplers/auto_ds/inst/gen_downsizer.gen_simple_downsizer.axi_downsizer_inst/USE_WRITE.write_addr_inst/cmd_queue/inst/fifo_gen_inst/inst_fifo_gen/gconvfifo.rf/grf.rf/gntv_or_sync_fifo.gl0.rd/gr1.rfwft/gpregsm1.curr_fwft_state_reg[1]
  -------------------------------------------------------------------
                         required time                         -1.911    
                         arrival time                           2.150    
  -------------------------------------------------------------------
                         slack                                  0.238    





